0 info it worked if it ends with ok
1 verbose cli [ 'C:\\Program Files\\nodejs\\node.exe',
1 verbose cli   'C:\\Program Files\\nodejs\\node_modules\\npm\\bin\\npm-cli.js',
1 verbose cli   'start' ]
2 info using npm@4.1.2
3 info using node@v7.6.0
4 verbose run-script [ 'prestart', 'start', 'poststart' ]
5 info lifecycle intern-platform-alpha@1.0.0~prestart: intern-platform-alpha@1.0.0
6 silly lifecycle intern-platform-alpha@1.0.0~prestart: no script for prestart, continuing
7 info lifecycle intern-platform-alpha@1.0.0~start: intern-platform-alpha@1.0.0
8 verbose lifecycle intern-platform-alpha@1.0.0~start: unsafe-perm in lifecycle true
9 verbose lifecycle intern-platform-alpha@1.0.0~start: PATH: C:\Program Files\nodejs\node_modules\npm\bin\node-gyp-bin;C:\SADFinals\sad-finals\node_modules\.bin;C:\ProgramData\Oracle\Java\javapath;C:\Python36-32\Scripts\;C:\Python36-32\;C:\Program Files (x86)\Intel\iCLS Client\;C:\Program Files\Intel\iCLS Client\;C:\Windows\system32;C:\Windows;C:\Windows\System32\Wbem;C:\Windows\System32\WindowsPowerShell\v1.0\;C:\Program Files (x86)\Intel\Intel(R) Management Engine Components\DAL;C:\Program Files\Intel\Intel(R) Management Engine Components\DAL;C:\Program Files (x86)\Intel\Intel(R) Management Engine Components\IPT;C:\Program Files\Intel\Intel(R) Management Engine Components\IPT;C:\Program Files (x86)\NVIDIA Corporation\PhysX\Common;C:\WINDOWS\system32\config\systemprofile\.dnx\bin;C:\Program Files\Microsoft DNX\Dnvm\;C:\Program Files\Microsoft SQL Server\130\Tools\Binn\;C:\WINDOWS\system32;C:\WINDOWS;C:\WINDOWS\System32\Wbem;C:\WINDOWS\System32\WindowsPowerShell\v1.0\;C:\Program Files (x86)\QuickTime\QTSystem\;C:\Program Files\Git\cmd;C:\Program Files\nodejs;C:\Program Files\nodejs\;C:\RailsInstaller\Git\cmd;C:\RailsInstaller\Ruby2.3.3\bin;C:\Ruby24-x64\bin;C:\RailsInstaller\Ruby2.3.0\bin;C:\Ruby22-x64\bin;C:\Users\Vince Vertulfo\AppData\Local\Microsoft\WindowsApps;C:\Users\Vince Vertulfo\AppData\Local\atom\bin;C:\Users\Vince Vertulfo\AppData\Local\Microsoft\WindowsApps;C:\Program Files (x86)\Java\jre1.8.0_151\bin;;C:\Program Files\Docker Toolbox;C:\Users\Vince Vertulfo\AppData\Roaming\npm
10 verbose lifecycle intern-platform-alpha@1.0.0~start: CWD: C:\SADFinals\sad-finals
11 silly lifecycle intern-platform-alpha@1.0.0~start: Args: [ '/d /s /c', 'node index.js' ]
12 silly lifecycle intern-platform-alpha@1.0.0~start: Returned: code: 1  signal: null
13 info lifecycle intern-platform-alpha@1.0.0~start: Failed to exec start script
14 verbose stack Error: intern-platform-alpha@1.0.0 start: `node index.js`
14 verbose stack Exit status 1
14 verbose stack     at EventEmitter.<anonymous> (C:\Program Files\nodejs\node_modules\npm\lib\utils\lifecycle.js:279:16)
14 verbose stack     at emitTwo (events.js:106:13)
14 verbose stack     at EventEmitter.emit (events.js:192:7)
14 verbose stack     at ChildProcess.<anonymous> (C:\Program Files\nodejs\node_modules\npm\lib\utils\spawn.js:40:14)
14 verbose stack     at emitTwo (events.js:106:13)
14 verbose stack     at ChildProcess.emit (events.js:192:7)
14 verbose stack     at maybeClose (internal/child_process.js:890:16)
14 verbose stack     at Process.ChildProcess._handle.onexit (internal/child_process.js:226:5)
15 verbose pkgid intern-platform-alpha@1.0.0
16 verbose cwd C:\SADFinals\sad-finals
17 error Windows_NT 10.0.16299
18 error argv "C:\\Program Files\\nodejs\\node.exe" "C:\\Program Files\\nodejs\\node_modules\\npm\\bin\\npm-cli.js" "start"
19 error node v7.6.0
20 error npm  v4.1.2
21 error code ELIFECYCLE
22 error intern-platform-alpha@1.0.0 start: `node index.js`
22 error Exit status 1
23 error Failed at the intern-platform-alpha@1.0.0 start script 'node index.js'.
23 error Make sure you have the latest version of node.js and npm installed.
23 error If you do, this is most likely a problem with the intern-platform-alpha package,
23 error not with npm itself.
23 error Tell the author that this fails on your system:
23 error     node index.js
23 error You can get information on how to open an issue for this project with:
23 error     npm bugs intern-platform-alpha
23 error Or if that isn't available, you can get their info via:
23 error     npm owner ls intern-platform-alpha
23 error There is likely additional logging output above.
24 verbose exit [ 1, true ]
